<?xml version="1.0" encoding="UTF-8"?>
<robot generator="Robot 3.2.2 (Python 3.12.4 on darwin)" generated="20241224 18:26:29.225" rpa="false">
<suite id="s1" name="库存管理" source="/Users/yeweixiong/Desktop/测试用文件/pilot项目自动化案例/接口案例/库存管理">
<suite id="s1-s1" name="1" source="/Users/yeweixiong/Desktop/测试用文件/pilot项目自动化案例/接口案例/库存管理/1.robot">
<test id="s1-s1-t1" name="aga">
<kw name="Set Variable" library="BuiltIn">
<doc>Returns the given values which can then be assigned to a variables.</doc>
<arguments>
<arg>asdasd</arg>
</arguments>
<assign>
<var>${a}</var>
</assign>
<msg timestamp="20241224 18:26:29.392" level="INFO">${a} = asdasd</msg>
<status status="PASS" starttime="20241224 18:26:29.391" endtime="20241224 18:26:29.392"></status>
</kw>
<kw name="Log" library="BuiltIn">
<doc>Logs the given message with the given level.</doc>
<arguments>
<arg>${a}</arg>
</arguments>
<msg timestamp="20241224 18:26:29.392" level="INFO">asdasd</msg>
<status status="PASS" starttime="20241224 18:26:29.392" endtime="20241224 18:26:29.392"></status>
</kw>
<status status="PASS" starttime="20241224 18:26:29.391" endtime="20241224 18:26:29.392" critical="yes"></status>
</test>
<status status="PASS" starttime="20241224 18:26:29.238" endtime="20241224 18:26:29.392"></status>
</suite>
<status status="PASS" starttime="20241224 18:26:29.225" endtime="20241224 18:26:29.392"></status>
</suite>
<statistics>
<total>
<stat pass="1" fail="0">Critical Tests</stat>
<stat pass="1" fail="0">All Tests</stat>
</total>
<tag>
</tag>
<suite>
<stat pass="1" fail="0" id="s1" name="库存管理">库存管理</stat>
<stat pass="1" fail="0" id="s1-s1" name="1">库存管理.1</stat>
</suite>
</statistics>
<errors>
</errors>
</robot>
